<?xml version="1.0" encoding="UTF-8"?>
<coverage generated="1768468129335" clover="3.2.0">
  <project timestamp="1768468129336" name="All files">
    <metrics statements="22" coveredstatements="21" conditionals="44" coveredconditionals="35" methods="7" coveredmethods="7" elements="73" coveredelements="63" complexity="0" loc="22" ncloc="22" packages="1" files="1" classes="1"/>
    <file name="ChartUtils.js" path="C:\Users\Rolan Semilla\Downloads\VUE-PROJECT\my-vue-app\src\utils\ChartUtils.js">
      <metrics statements="22" coveredstatements="21" conditionals="44" coveredconditionals="35" methods="7" coveredmethods="7"/>
      <line num="8" count="1" type="stmt"/>
      <line num="11" count="3" type="cond" truecount="1" falsecount="1"/>
      <line num="12" count="3" type="cond" truecount="2" falsecount="0"/>
      <line num="13" count="3" type="cond" truecount="4" falsecount="0"/>
      <line num="14" count="2" type="cond" truecount="2" falsecount="0"/>
      <line num="15" count="3" type="cond" truecount="2" falsecount="0"/>
      <line num="16" count="1" type="stmt"/>
      <line num="20" count="1" type="cond" truecount="1" falsecount="1"/>
      <line num="24" count="1" type="cond" truecount="3" falsecount="1"/>
      <line num="25" count="1" type="cond" truecount="1" falsecount="1"/>
      <line num="26" count="1" type="cond" truecount="1" falsecount="1"/>
      <line num="27" count="1" type="cond" truecount="3" falsecount="1"/>
      <line num="30" count="1" type="stmt"/>
      <line num="37" count="2" type="stmt"/>
      <line num="44" count="2" type="cond" truecount="1" falsecount="1"/>
      <line num="45" count="2" type="stmt"/>
      <line num="52" count="2" type="stmt"/>
      <line num="53" count="2" type="cond" truecount="1" falsecount="1"/>
      <line num="54" count="2" type="stmt"/>
      <line num="59" count="2" type="cond" truecount="2" falsecount="0"/>
      <line num="60" count="1" type="cond" truecount="1" falsecount="1"/>
      <line num="62" count="0" type="stmt"/>
    </file>
  </project>
</coverage>
