<?xml version="1.0" encoding="UTF-8"?>
<coverage generated="1768469934278" clover="3.2.0">
  <project timestamp="1768469934278" name="All files">
    <metrics statements="156" coveredstatements="151" conditionals="149" coveredconditionals="123" methods="54" coveredmethods="49" elements="359" coveredelements="323" complexity="0" loc="156" ncloc="156" packages="3" files="7" classes="7"/>
    <package name="components">
      <metrics statements="81" coveredstatements="78" conditionals="52" coveredconditionals="43" methods="24" coveredmethods="21"/>
      <file name="Design.css" path="C:\Users\Rolan Semilla\Downloads\VUE-PROJECT\my-vue-app\src\components\Design.css">
        <metrics statements="0" coveredstatements="0" conditionals="0" coveredconditionals="0" methods="0" coveredmethods="0"/>
      </file>
      <file name="HelloWorld.vue" path="C:\Users\Rolan Semilla\Downloads\VUE-PROJECT\my-vue-app\src\components\HelloWorld.vue">
        <metrics statements="3" coveredstatements="3" conditionals="2" coveredconditionals="2" methods="0" coveredmethods="0"/>
        <line num="9" count="2" type="stmt"/>
        <line num="19" count="1" type="stmt"/>
        <line num="22" count="1" type="stmt"/>
      </file>
      <file name="IndividualBarChart.vue" path="C:\Users\Rolan Semilla\Downloads\VUE-PROJECT\my-vue-app\src\components\IndividualBarChart.vue">
        <metrics statements="67" coveredstatements="64" conditionals="48" coveredconditionals="39" methods="20" coveredmethods="17"/>
        <line num="7" count="7" type="stmt"/>
        <line num="10" count="7" type="stmt"/>
        <line num="15" count="7" type="stmt"/>
        <line num="16" count="7" type="stmt"/>
        <line num="17" count="7" type="stmt"/>
        <line num="18" count="7" type="stmt"/>
        <line num="19" count="7" type="stmt"/>
        <line num="20" count="7" type="stmt"/>
        <line num="21" count="7" type="stmt"/>
        <line num="22" count="7" type="stmt"/>
        <line num="25" count="7" type="stmt"/>
        <line num="26" count="7" type="stmt"/>
        <line num="27" count="7" type="stmt"/>
        <line num="30" count="7" type="stmt"/>
        <line num="31" count="6" type="cond" truecount="2" falsecount="0"/>
        <line num="32" count="5" type="stmt"/>
        <line num="36" count="14" type="cond" truecount="3" falsecount="0"/>
        <line num="39" count="17" type="cond" truecount="2" falsecount="1"/>
        <line num="40" count="17" type="cond" truecount="2" falsecount="1"/>
        <line num="41" count="17" type="stmt"/>
        <line num="42" count="17" type="stmt"/>
        <line num="43" count="17" type="stmt"/>
        <line num="44" count="17" type="stmt"/>
        <line num="48" count="24" type="stmt"/>
        <line num="53" count="170" type="stmt"/>
        <line num="60" count="7" type="stmt"/>
        <line num="67" count="2" type="stmt"/>
        <line num="68" count="2" type="cond" truecount="2" falsecount="1"/>
        <line num="69" count="2" type="cond" truecount="2" falsecount="1"/>
        <line num="70" count="2" type="cond" truecount="3" falsecount="1"/>
        <line num="71" count="2" type="cond" truecount="2" falsecount="0"/>
        <line num="72" count="2" type="stmt"/>
        <line num="73" count="2" type="cond" truecount="2" falsecount="0"/>
        <line num="74" count="2" type="cond" truecount="2" falsecount="0"/>
        <line num="75" count="2" type="stmt"/>
        <line num="85" count="24" type="stmt"/>
        <line num="88" count="7" type="stmt"/>
        <line num="92" count="7" type="stmt"/>
        <line num="94" count="42" type="stmt"/>
        <line num="95" count="7" type="stmt"/>
        <line num="96" count="7" type="stmt"/>
        <line num="97" count="7" type="cond" truecount="1" falsecount="1"/>
        <line num="98" count="7" type="stmt"/>
        <line num="99" count="7" type="stmt"/>
        <line num="100" count="7" type="stmt"/>
        <line num="101" count="7" type="stmt"/>
        <line num="103" count="2" type="stmt"/>
        <line num="104" count="2" type="stmt"/>
        <line num="106" count="7" type="stmt"/>
        <line num="109" count="7" type="stmt"/>
        <line num="110" count="7" type="stmt"/>
        <line num="114" count="7" type="stmt"/>
        <line num="115" count="5" type="stmt"/>
        <line num="119" count="7" type="stmt"/>
        <line num="120" count="5" type="stmt"/>
        <line num="124" count="7" type="stmt"/>
        <line num="125" count="10" type="cond" truecount="1" falsecount="1"/>
        <line num="128" count="7" type="stmt"/>
        <line num="132" count="17" type="stmt"/>
        <line num="136" count="2" type="stmt"/>
        <line num="137" count="0" type="cond" truecount="2" falsecount="0"/>
        <line num="138" count="60" type="cond" truecount="1" falsecount="1"/>
        <line num="140" count="2" type="stmt"/>
        <line num="141" count="0" type="cond" truecount="4" falsecount="0"/>
        <line num="143" count="0" type="cond" truecount="2" falsecount="0"/>
        <line num="150" count="2" type="stmt"/>
        <line num="151" count="2" type="stmt"/>
      </file>
      <file name="PieChart.vue" path="C:\Users\Rolan Semilla\Downloads\VUE-PROJECT\my-vue-app\src\components\PieChart.vue">
        <metrics statements="11" coveredstatements="11" conditionals="2" coveredconditionals="2" methods="4" coveredmethods="4"/>
        <line num="7" count="4" type="stmt"/>
        <line num="12" count="4" type="stmt"/>
        <line num="13" count="4" type="stmt"/>
        <line num="14" count="4" type="stmt"/>
        <line num="17" count="4" type="stmt"/>
        <line num="19" count="4" type="stmt"/>
        <line num="20" count="4" type="stmt"/>
        <line num="23" count="4" type="stmt"/>
        <line num="27" count="4" type="stmt"/>
        <line num="32" count="2" type="stmt"/>
        <line num="33" count="2" type="stmt"/>
      </file>
    </package>
    <package name="components.data">
      <metrics statements="0" coveredstatements="0" conditionals="0" coveredconditionals="0" methods="0" coveredmethods="0"/>
      <file name="MockData.json" path="C:\Users\Rolan Semilla\Downloads\VUE-PROJECT\my-vue-app\src\components\data\MockData.json">
        <metrics statements="0" coveredstatements="0" conditionals="0" coveredconditionals="0" methods="0" coveredmethods="0"/>
      </file>
    </package>
    <package name="utils">
      <metrics statements="75" coveredstatements="73" conditionals="97" coveredconditionals="80" methods="30" coveredmethods="28"/>
      <file name="ChartData.js" path="C:\Users\Rolan Semilla\Downloads\VUE-PROJECT\my-vue-app\src\utils\ChartData.js">
        <metrics statements="53" coveredstatements="51" conditionals="53" coveredconditionals="42" methods="23" coveredmethods="21"/>
        <line num="3" count="2" type="stmt"/>
        <line num="4" count="152" type="stmt"/>
        <line num="5" count="20" type="stmt"/>
        <line num="6" count="10" type="stmt"/>
        <line num="7" count="4" type="stmt"/>
        <line num="8" count="6" type="stmt"/>
        <line num="9" count="6" type="stmt"/>
        <line num="13" count="1016" type="stmt"/>
        <line num="14" count="1016" type="cond" truecount="2" falsecount="0"/>
        <line num="18" count="5" type="stmt"/>
        <line num="19" count="204" type="stmt"/>
        <line num="20" count="204" type="stmt"/>
        <line num="21" count="204" type="stmt"/>
        <line num="22" count="204" type="stmt"/>
        <line num="23" count="204" type="cond" truecount="2" falsecount="0"/>
        <line num="24" count="204" type="cond" truecount="3" falsecount="0"/>
        <line num="25" count="204" type="stmt"/>
        <line num="29" count="4" type="cond" truecount="4" falsecount="0"/>
        <line num="30" count="3" type="stmt"/>
        <line num="31" count="3" type="cond" truecount="2" falsecount="0"/>
        <line num="32" count="13" type="stmt"/>
        <line num="36" count="3" type="cond" truecount="3" falsecount="1"/>
        <line num="37" count="3" type="stmt"/>
        <line num="38" count="3" type="stmt"/>
        <line num="39" count="3" type="stmt"/>
        <line num="40" count="15" type="cond" truecount="2" falsecount="0"/>
        <line num="41" count="15" type="cond" truecount="2" falsecount="0"/>
        <line num="43" count="3" type="stmt"/>
        <line num="51" count="0" type="cond" truecount="0" falsecount="4"/>
        <line num="52" count="0" type="cond" truecount="0" falsecount="2"/>
        <line num="55" count="84" type="stmt"/>
        <line num="57" count="1" type="cond" truecount="4" falsecount="0"/>
        <line num="58" count="198" type="stmt"/>
        <line num="60" count="10" type="stmt"/>
        <line num="61" count="10" type="cond" truecount="2" falsecount="0"/>
        <line num="62" count="4" type="cond" truecount="2" falsecount="0"/>
        <line num="63" count="2" type="stmt"/>
        <line num="67" count="1" type="stmt"/>
        <line num="68" count="36" type="cond" truecount="2" falsecount="0"/>
        <line num="71" count="204" type="stmt"/>
        <line num="74" count="36" type="cond" truecount="2" falsecount="0"/>
        <line num="75" count="34" type="cond" truecount="2" falsecount="0"/>
        <line num="77" count="204" type="stmt"/>
        <line num="78" count="204" type="stmt"/>
        <line num="79" count="36" type="stmt"/>
        <line num="85" count="6" type="cond" truecount="2" falsecount="1"/>
        <line num="86" count="6" type="stmt"/>
        <line num="87" count="6" type="stmt"/>
        <line num="88" count="45" type="cond" truecount="4" falsecount="0"/>
        <line num="89" count="45" type="cond" truecount="2" falsecount="0"/>
        <line num="91" count="6" type="stmt"/>
        <line num="92" count="15" type="stmt"/>
        <line num="93" count="6" type="stmt"/>
      </file>
      <file name="ChartUtils.js" path="C:\Users\Rolan Semilla\Downloads\VUE-PROJECT\my-vue-app\src\utils\ChartUtils.js">
        <metrics statements="22" coveredstatements="22" conditionals="44" coveredconditionals="38" methods="7" coveredmethods="7"/>
        <line num="8" count="15" type="stmt"/>
        <line num="11" count="15" type="cond" truecount="1" falsecount="1"/>
        <line num="12" count="15" type="cond" truecount="2" falsecount="0"/>
        <line num="13" count="15" type="cond" truecount="4" falsecount="0"/>
        <line num="14" count="11" type="cond" truecount="2" falsecount="0"/>
        <line num="15" count="15" type="cond" truecount="2" falsecount="0"/>
        <line num="16" count="9" type="stmt"/>
        <line num="20" count="12" type="cond" truecount="2" falsecount="0"/>
        <line num="24" count="12" type="cond" truecount="4" falsecount="0"/>
        <line num="25" count="11" type="cond" truecount="1" falsecount="1"/>
        <line num="26" count="11" type="cond" truecount="1" falsecount="1"/>
        <line num="27" count="11" type="cond" truecount="3" falsecount="1"/>
        <line num="30" count="15" type="stmt"/>
        <line num="37" count="27" type="stmt"/>
        <line num="44" count="27" type="cond" truecount="1" falsecount="1"/>
        <line num="45" count="27" type="stmt"/>
        <line num="52" count="6" type="stmt"/>
        <line num="53" count="6" type="cond" truecount="1" falsecount="1"/>
        <line num="54" count="6" type="stmt"/>
        <line num="59" count="31" type="cond" truecount="2" falsecount="0"/>
        <line num="60" count="6" type="cond" truecount="2" falsecount="0"/>
        <line num="62" count="1" type="stmt"/>
      </file>
    </package>
  </project>
</coverage>
