{"C:\\Users\\Rolan Semilla\\Downloads\\VUE-PROJECT\\my-vue-app\\src\\components\\Design.css": {"path":"C:\\Users\\Rolan Semilla\\Downloads\\VUE-PROJECT\\my-vue-app\\src\\components\\Design.css","statementMap":{},"fnMap":{},"branchMap":{},"s":{},"f":{},"b":{},"meta":{"lastBranch":0,"lastFunction":0,"lastStatement":0,"seen":{}}}
,"C:\\Users\\Rolan Semilla\\Downloads\\VUE-PROJECT\\my-vue-app\\src\\components\\HelloWorld.vue": {"path":"C:\\Users\\Rolan Semilla\\Downloads\\VUE-PROJECT\\my-vue-app\\src\\components\\HelloWorld.vue","statementMap":{"0":{"start":{"line":19,"column":11},"end":{"line":19,"column":null}},"1":{"start":{"line":22,"column":11},"end":{"line":22,"column":null}},"2":{"start":{"line":9,"column":2},"end":{"line":23,"column":null}}},"fnMap":{},"branchMap":{"0":{"loc":{"start":{"line":10,"column":4},"end":{"line":15,"column":72}},"type":"binary-expr","locations":[{"start":{"line":10,"column":4},"end":{"line":10,"column":12}},{"start":{"line":10,"column":4},"end":{"line":15,"column":72}}],"line":10}},"s":{"0":1,"1":1,"2":2},"f":{},"b":{"0":[2,2]},"meta":{"lastBranch":0,"lastFunction":0,"lastStatement":0,"seen":{}}}
,"C:\\Users\\Rolan Semilla\\Downloads\\VUE-PROJECT\\my-vue-app\\src\\components\\IndividualBarChart.vue": {"path":"C:\\Users\\Rolan Semilla\\Downloads\\VUE-PROJECT\\my-vue-app\\src\\components\\IndividualBarChart.vue","statementMap":{"0":{"start":{"line":7,"column":17},"end":{"line":7,"column":27}},"1":{"start":{"line":10,"column":14},"end":{"line":10,"column":118}},"2":{"start":{"line":15,"column":19},"end":{"line":15,"column":26}},"3":{"start":{"line":16,"column":15},"end":{"line":16,"column":23}},"4":{"start":{"line":17,"column":12},"end":{"line":17,"column":20}},"5":{"start":{"line":18,"column":14},"end":{"line":18,"column":22}},"6":{"start":{"line":19,"column":14},"end":{"line":19,"column":22}},"7":{"start":{"line":20,"column":17},"end":{"line":20,"column":28}},"8":{"start":{"line":21,"column":17},"end":{"line":21,"column":29}},"9":{"start":{"line":22,"column":16},"end":{"line":22,"column":29}},"10":{"start":{"line":25,"column":17},"end":{"line":25,"column":27}},"11":{"start":{"line":26,"column":15},"end":{"line":26,"column":26}},"12":{"start":{"line":27,"column":13},"end":{"line":27,"column":23}},"13":{"start":{"line":30,"column":14},"end":{"line":30,"column":44}},"14":{"start":{"line":31,"column":2},"end":{"line":31,"column":62}},"15":{"start":{"line":31,"column":15},"end":{"line":31,"column":62}},"16":{"start":{"line":32,"column":2},"end":{"line":32,"column":25}},"17":{"start":{"line":36,"column":18},"end":{"line":36,"column":76}},"18":{"start":{"line":36,"column":34},"end":{"line":36,"column":75}},"19":{"start":{"line":39,"column":21},"end":{"line":39,"column":76}},"20":{"start":{"line":40,"column":20},"end":{"line":40,"column":97}},"21":{"start":{"line":41,"column":16},"end":{"line":41,"column":106}},"22":{"start":{"line":42,"column":2},"end":{"line":42,"column":26}},"23":{"start":{"line":43,"column":2},"end":{"line":43,"column":30}},"24":{"start":{"line":44,"column":2},"end":{"line":44,"column":30}},"25":{"start":{"line":48,"column":19},"end":{"line":48,"column":219}},"26":{"start":{"line":48,"column":34},"end":{"line":48,"column":218}},"27":{"start":{"line":51,"column":34},"end":{"line":51,"column":91}},"28":{"start":{"line":51,"column":73},"end":{"line":51,"column":90}},"29":{"start":{"line":55,"column":0},"end":{"line":75,"column":2}},"30":{"start":{"line":57,"column":2},"end":{"line":57,"column":43}},"31":{"start":{"line":57,"column":35},"end":{"line":57,"column":42}},"32":{"start":{"line":58,"column":2},"end":{"line":58,"column":24}},"33":{"start":{"line":59,"column":2},"end":{"line":74,"column":6}},"34":{"start":{"line":60,"column":4},"end":{"line":71,"column":5}},"35":{"start":{"line":61,"column":6},"end":{"line":61,"column":26}},"36":{"start":{"line":62,"column":6},"end":{"line":62,"column":24}},"37":{"start":{"line":63,"column":6},"end":{"line":70,"column":7}},"38":{"start":{"line":64,"column":8},"end":{"line":64,"column":49}},"39":{"start":{"line":66,"column":8},"end":{"line":66,"column":25}},"40":{"start":{"line":67,"column":8},"end":{"line":67,"column":34}},"41":{"start":{"line":69,"column":8},"end":{"line":69,"column":29}},"42":{"start":{"line":72,"column":4},"end":{"line":72,"column":19}},"43":{"start":{"line":73,"column":4},"end":{"line":73,"column":11}},"44":{"start":{"line":77,"column":0},"end":{"line":79,"column":2}},"45":{"start":{"line":78,"column":2},"end":{"line":78,"column":17}},"46":{"start":{"line":82,"column":0},"end":{"line":84,"column":2}},"47":{"start":{"line":83,"column":2},"end":{"line":83,"column":17}},"48":{"start":{"line":87,"column":0},"end":{"line":89,"column":2}},"49":{"start":{"line":88,"column":2},"end":{"line":88,"column":22}},"50":{"start":{"line":88,"column":11},"end":{"line":88,"column":22}},"51":{"start":{"line":91,"column":0},"end":{"line":91,"column":36}},"52":{"start":{"line":91,"column":24},"end":{"line":91,"column":33}},"53":{"start":{"line":99,"column":11},"end":{"line":99,"column":null}},"54":{"start":{"line":103,"column":15},"end":{"line":103,"column":null}},"55":{"start":{"line":113,"column":9},"end":{"line":113,"column":null}},"56":{"start":{"line":114,"column":14},"end":{"line":114,"column":39}},"57":{"start":{"line":95,"column":2},"end":{"line":114,"column":null}},"58":{"start":{"line":100,"column":44},"end":{"line":100,"column":56}},"59":{"start":{"line":101,"column":10},"end":{"line":101,"column":105}},"60":{"start":{"line":104,"column":42},"end":{"line":104,"column":55}},"61":{"start":{"line":106,"column":25},"end":{"line":106,"column":36}}},"fnMap":{"0":{"name":"fetchPassengers","decl":{"start":{"line":29,"column":15},"end":{"line":29,"column":30}},"loc":{"start":{"line":29,"column":33},"end":{"line":33,"column":1}},"line":29},"1":{"name":"(anonymous_1)","decl":{"start":{"line":36,"column":28},"end":{"line":36,"column":29}},"loc":{"start":{"line":36,"column":34},"end":{"line":36,"column":75}},"line":36},"2":{"name":"RebuildSeries","decl":{"start":{"line":38,"column":9},"end":{"line":38,"column":22}},"loc":{"start":{"line":38,"column":25},"end":{"line":45,"column":1}},"line":38},"3":{"name":"(anonymous_3)","decl":{"start":{"line":48,"column":29},"end":{"line":48,"column":30}},"loc":{"start":{"line":48,"column":34},"end":{"line":48,"column":218}},"line":48},"4":{"name":"(anonymous_4)","decl":{"start":{"line":51,"column":67},"end":{"line":51,"column":68}},"loc":{"start":{"line":51,"column":73},"end":{"line":51,"column":90}},"line":51},"5":{"name":"(anonymous_5)","decl":{"start":{"line":55,"column":10},"end":{"line":55,"column":11}},"loc":{"start":{"line":55,"column":16},"end":{"line":75,"column":1}},"line":55},"6":{"name":"(anonymous_6)","decl":{"start":{"line":57,"column":30},"end":{"line":57,"column":31}},"loc":{"start":{"line":57,"column":35},"end":{"line":57,"column":42}},"line":57},"7":{"name":"(anonymous_7)","decl":{"start":{"line":59,"column":3},"end":{"line":59,"column":8}},"loc":{"start":{"line":59,"column":15},"end":{"line":74,"column":3}},"line":59},"8":{"name":"(anonymous_8)","decl":{"start":{"line":77,"column":43},"end":{"line":77,"column":44}},"loc":{"start":{"line":77,"column":49},"end":{"line":79,"column":1}},"line":77},"9":{"name":"(anonymous_9)","decl":{"start":{"line":82,"column":18},"end":{"line":82,"column":19}},"loc":{"start":{"line":82,"column":24},"end":{"line":84,"column":1}},"line":82},"10":{"name":"(anonymous_10)","decl":{"start":{"line":87,"column":19},"end":{"line":87,"column":20}},"loc":{"start":{"line":87,"column":28},"end":{"line":89,"column":1}},"line":87},"11":{"name":"(anonymous_11)","decl":{"start":{"line":91,"column":16},"end":{"line":91,"column":17}},"loc":{"start":{"line":91,"column":22},"end":{"line":91,"column":35}},"line":91},"12":{"name":"(anonymous_12)","decl":{"start":{"line":100,"column":44},"end":{"line":100,"column":55}},"loc":{"start":{"line":100,"column":44},"end":{"line":100,"column":56}},"line":100},"13":{"name":"(anonymous_13)","decl":{"start":{"line":101,"column":44},"end":{"line":101,"column":47}},"loc":{"start":{"line":101,"column":32},"end":{"line":101,"column":105}},"line":101},"14":{"name":"(anonymous_14)","decl":{"start":{"line":104,"column":42},"end":{"line":104,"column":51}},"loc":{"start":{"line":104,"column":42},"end":{"line":104,"column":55}},"line":104},"15":{"name":"(anonymous_15)","decl":{"start":{"line":106,"column":25},"end":{"line":106,"column":34}},"loc":{"start":{"line":106,"column":25},"end":{"line":106,"column":36}},"line":106}},"branchMap":{"0":{"loc":{"start":{"line":31,"column":2},"end":{"line":31,"column":62}},"type":"if","locations":[{"start":{"line":31,"column":2},"end":{"line":31,"column":62}},{"start":{},"end":{}}],"line":31},"1":{"loc":{"start":{"line":36,"column":34},"end":{"line":36,"column":75}},"type":"binary-expr","locations":[{"start":{"line":36,"column":34},"end":{"line":36,"column":44}},{"start":{"line":36,"column":48},"end":{"line":36,"column":63}},{"start":{"line":36,"column":67},"end":{"line":36,"column":75}}],"line":36},"2":{"loc":{"start":{"line":39,"column":21},"end":{"line":39,"column":76}},"type":"binary-expr","locations":[{"start":{"line":39,"column":22},"end":{"line":39,"column":38}},{"start":{"line":39,"column":42},"end":{"line":39,"column":69}},{"start":{"line":39,"column":74},"end":{"line":39,"column":76}}],"line":39},"3":{"loc":{"start":{"line":40,"column":20},"end":{"line":40,"column":97}},"type":"binary-expr","locations":[{"start":{"line":40,"column":21},"end":{"line":40,"column":47}},{"start":{"line":40,"column":51},"end":{"line":40,"column":81}},{"start":{"line":40,"column":86},"end":{"line":40,"column":97}}],"line":40},"4":{"loc":{"start":{"line":60,"column":4},"end":{"line":71,"column":5}},"type":"if","locations":[{"start":{"line":60,"column":4},"end":{"line":71,"column":5}},{"start":{},"end":{}}],"line":60},"5":{"loc":{"start":{"line":88,"column":2},"end":{"line":88,"column":22}},"type":"if","locations":[{"start":{"line":88,"column":2},"end":{"line":88,"column":22}},{"start":{},"end":{}}],"line":88},"6":{"loc":{"start":{"line":97,"column":6},"end":{"line":97,"column":34}},"type":"binary-expr","locations":[{"start":{"line":97,"column":6},"end":{"line":97,"column":10}},{"start":{"line":97,"column":6},"end":{"line":97,"column":34}}],"line":97},"7":{"loc":{"start":{"line":98,"column":6},"end":{"line":98,"column":45}},"type":"binary-expr","locations":[{"start":{"line":98,"column":6},"end":{"line":98,"column":13}},{"start":{"line":98,"column":6},"end":{"line":98,"column":45}}],"line":98},"8":{"loc":{"start":{"line":100,"column":44},"end":{"line":100,"column":56}},"type":"binary-expr","locations":[{"start":{"line":100,"column":44},"end":{"line":100,"column":55}},{"start":{"line":100,"column":44},"end":{"line":100,"column":56}}],"line":100},"9":{"loc":{"start":{"line":101,"column":73},"end":{"line":101,"column":93}},"type":"binary-expr","locations":[{"start":{"line":101,"column":73},"end":{"line":101,"column":74}},{"start":{"line":101,"column":74},"end":{"line":101,"column":93}}],"line":101},"10":{"loc":{"start":{"line":104,"column":42},"end":{"line":104,"column":55}},"type":"binary-expr","locations":[{"start":{"line":104,"column":42},"end":{"line":104,"column":51}},{"start":{"line":104,"column":42},"end":{"line":104,"column":55}}],"line":104},"11":{"loc":{"start":{"line":104,"column":55},"end":{"line":105,"column":16}},"type":"binary-expr","locations":[{"start":{"line":104,"column":55},"end":{"line":104,"column":null}},{"start":{"line":104,"column":55},"end":{"line":105,"column":16}}],"line":104},"12":{"loc":{"start":{"line":106,"column":25},"end":{"line":106,"column":36}},"type":"binary-expr","locations":[{"start":{"line":106,"column":25},"end":{"line":106,"column":34}},{"start":{"line":106,"column":25},"end":{"line":106,"column":36}}],"line":106}},"s":{"0":1,"1":1,"2":1,"3":1,"4":1,"5":1,"6":1,"7":1,"8":1,"9":1,"10":1,"11":1,"12":1,"13":1,"14":0,"15":0,"16":0,"17":1,"18":2,"19":2,"20":2,"21":2,"22":2,"23":2,"24":2,"25":1,"26":4,"27":1,"28":1,"29":1,"30":1,"31":6,"32":1,"33":1,"34":1,"35":1,"36":1,"37":1,"38":1,"39":1,"40":1,"41":1,"42":1,"43":1,"44":1,"45":0,"46":1,"47":1,"48":1,"49":2,"50":2,"51":1,"52":0,"53":2,"54":2,"55":2,"56":2,"57":2,"58":0,"59":6,"60":0,"61":0},"f":{"0":1,"1":2,"2":2,"3":4,"4":1,"5":1,"6":6,"7":1,"8":0,"9":1,"10":2,"11":0,"12":0,"13":6,"14":0,"15":0},"b":{"0":[0,0],"1":[2,2,1],"2":[2,2,0],"3":[2,2,0],"4":[1,0],"5":[2,0],"6":[2,1],"7":[2,1],"8":[2,1],"9":[6,0],"10":[2,1],"11":[2,1],"12":[2,1]},"meta":{"lastBranch":0,"lastFunction":0,"lastStatement":0,"seen":{}}}
,"C:\\Users\\Rolan Semilla\\Downloads\\VUE-PROJECT\\my-vue-app\\src\\components\\PieChart.vue": {"path":"C:\\Users\\Rolan Semilla\\Downloads\\VUE-PROJECT\\my-vue-app\\src\\components\\PieChart.vue","statementMap":{"0":{"start":{"line":6,"column":17},"end":{"line":6,"column":27}},"1":{"start":{"line":11,"column":34},"end":{"line":11,"column":137}},"2":{"start":{"line":11,"column":72},"end":{"line":11,"column":136}},"3":{"start":{"line":13,"column":0},"end":{"line":15,"column":2}},"4":{"start":{"line":14,"column":2},"end":{"line":14,"column":9}},"5":{"start":{"line":17,"column":0},"end":{"line":17,"column":36}},"6":{"start":{"line":17,"column":24},"end":{"line":17,"column":33}},"7":{"start":{"line":26,"column":9},"end":{"line":26,"column":null}},"8":{"start":{"line":27,"column":14},"end":{"line":27,"column":39}},"9":{"start":{"line":21,"column":2},"end":{"line":27,"column":null}}},"fnMap":{"0":{"name":"(anonymous_0)","decl":{"start":{"line":11,"column":67},"end":{"line":11,"column":68}},"loc":{"start":{"line":11,"column":72},"end":{"line":11,"column":136}},"line":11},"1":{"name":"(anonymous_1)","decl":{"start":{"line":13,"column":10},"end":{"line":13,"column":11}},"loc":{"start":{"line":13,"column":16},"end":{"line":15,"column":1}},"line":13},"2":{"name":"(anonymous_2)","decl":{"start":{"line":17,"column":16},"end":{"line":17,"column":17}},"loc":{"start":{"line":17,"column":22},"end":{"line":17,"column":35}},"line":17}},"branchMap":{"0":{"loc":{"start":{"line":22,"column":4},"end":{"line":24,"column":46}},"type":"binary-expr","locations":[{"start":{"line":22,"column":4},"end":{"line":22,"column":9}},{"start":{"line":22,"column":4},"end":{"line":24,"column":46}}],"line":22}},"s":{"0":1,"1":1,"2":1,"3":1,"4":1,"5":1,"6":0,"7":2,"8":2,"9":1},"f":{"0":1,"1":1,"2":0},"b":{"0":[1,1]},"meta":{"lastBranch":0,"lastFunction":0,"lastStatement":0,"seen":{}}}
,"C:\\Users\\Rolan Semilla\\Downloads\\VUE-PROJECT\\my-vue-app\\src\\components\\data\\MockData.json": {"path":"C:\\Users\\Rolan Semilla\\Downloads\\VUE-PROJECT\\my-vue-app\\src\\components\\data\\MockData.json","statementMap":{},"fnMap":{},"branchMap":{},"s":{},"f":{},"b":{},"meta":{"lastBranch":0,"lastFunction":0,"lastStatement":0,"seen":{}}}
,"C:\\Users\\Rolan Semilla\\Downloads\\VUE-PROJECT\\my-vue-app\\src\\utils\\ChartData.js": {"path":"C:\\Users\\Rolan Semilla\\Downloads\\VUE-PROJECT\\my-vue-app\\src\\utils\\ChartData.js","statementMap":{"0":{"start":{"line":3,"column":23},"end":{"line":10,"column":1}},"1":{"start":{"line":4,"column":57},"end":{"line":4,"column":68}},"2":{"start":{"line":5,"column":51},"end":{"line":5,"column":59}},"3":{"start":{"line":6,"column":49},"end":{"line":6,"column":56}},"4":{"start":{"line":7,"column":55},"end":{"line":7,"column":65}},"5":{"start":{"line":8,"column":59},"end":{"line":8,"column":71}},"6":{"start":{"line":9,"column":65},"end":{"line":9,"column":80}},"7":{"start":{"line":13,"column":11},"end":{"line":13,"column":20}},"8":{"start":{"line":14,"column":1},"end":{"line":14,"column":34}},"9":{"start":{"line":18,"column":19},"end":{"line":18,"column":42}},"10":{"start":{"line":19,"column":16},"end":{"line":19,"column":36}},"11":{"start":{"line":20,"column":15},"end":{"line":20,"column":34}},"12":{"start":{"line":21,"column":18},"end":{"line":21,"column":40}},"13":{"start":{"line":22,"column":20},"end":{"line":22,"column":40}},"14":{"start":{"line":23,"column":23},"end":{"line":23,"column":59}},"15":{"start":{"line":24,"column":14},"end":{"line":24,"column":111}},"16":{"start":{"line":25,"column":1},"end":{"line":25,"column":85}},"17":{"start":{"line":29,"column":1},"end":{"line":29,"column":41}},"18":{"start":{"line":29,"column":31},"end":{"line":29,"column":41}},"19":{"start":{"line":30,"column":13},"end":{"line":30,"column":29}},"20":{"start":{"line":31,"column":13},"end":{"line":31,"column":29}},"21":{"start":{"line":32,"column":1},"end":{"line":32,"column":41}},"22":{"start":{"line":32,"column":18},"end":{"line":32,"column":41}},"23":{"start":{"line":32,"column":39},"end":{"line":32,"column":40}},"24":{"start":{"line":33,"column":1},"end":{"line":33,"column":53}},"25":{"start":{"line":33,"column":21},"end":{"line":33,"column":52}},"26":{"start":{"line":41,"column":46},"end":{"line":41,"column":59}},"27":{"start":{"line":42,"column":14},"end":{"line":42,"column":52}},"28":{"start":{"line":45,"column":16},"end":{"line":45,"column":54}},"29":{"start":{"line":45,"column":34},"end":{"line":45,"column":53}},"30":{"start":{"line":47,"column":1},"end":{"line":55,"column":2}},"31":{"start":{"line":48,"column":2},"end":{"line":48,"column":56}},"32":{"start":{"line":48,"column":25},"end":{"line":48,"column":55}},"33":{"start":{"line":50,"column":2},"end":{"line":54,"column":4}},"34":{"start":{"line":51,"column":3},"end":{"line":51,"column":54}},"35":{"start":{"line":51,"column":35},"end":{"line":51,"column":54}},"36":{"start":{"line":52,"column":3},"end":{"line":52,"column":60}},"37":{"start":{"line":52,"column":38},"end":{"line":52,"column":60}},"38":{"start":{"line":53,"column":3},"end":{"line":53,"column":34}},"39":{"start":{"line":57,"column":19},"end":{"line":57,"column":33}},"40":{"start":{"line":58,"column":1},"end":{"line":58,"column":58}},"41":{"start":{"line":58,"column":16},"end":{"line":58,"column":58}},"42":{"start":{"line":61,"column":18},"end":{"line":61,"column":71}},"43":{"start":{"line":61,"column":38},"end":{"line":61,"column":69}},"44":{"start":{"line":64,"column":1},"end":{"line":65,"column":68}},"45":{"start":{"line":64,"column":22},"end":{"line":64,"column":64}},"46":{"start":{"line":64,"column":46},"end":{"line":64,"column":63}},"47":{"start":{"line":65,"column":6},"end":{"line":65,"column":68}},"48":{"start":{"line":65,"column":26},"end":{"line":65,"column":68}},"49":{"start":{"line":65,"column":50},"end":{"line":65,"column":67}},"50":{"start":{"line":67,"column":16},"end":{"line":67,"column":41}},"51":{"start":{"line":67,"column":34},"end":{"line":67,"column":40}},"52":{"start":{"line":68,"column":19},"end":{"line":68,"column":45}},"53":{"start":{"line":68,"column":37},"end":{"line":68,"column":44}},"54":{"start":{"line":69,"column":1},"end":{"line":69,"column":53}}},"fnMap":{"0":{"name":"(anonymous_0)","decl":{"start":{"line":4,"column":52},"end":{"line":4,"column":53}},"loc":{"start":{"line":4,"column":57},"end":{"line":4,"column":68}},"line":4},"1":{"name":"(anonymous_1)","decl":{"start":{"line":5,"column":46},"end":{"line":5,"column":47}},"loc":{"start":{"line":5,"column":51},"end":{"line":5,"column":59}},"line":5},"2":{"name":"(anonymous_2)","decl":{"start":{"line":6,"column":44},"end":{"line":6,"column":45}},"loc":{"start":{"line":6,"column":49},"end":{"line":6,"column":56}},"line":6},"3":{"name":"(anonymous_3)","decl":{"start":{"line":7,"column":50},"end":{"line":7,"column":51}},"loc":{"start":{"line":7,"column":55},"end":{"line":7,"column":65}},"line":7},"4":{"name":"(anonymous_4)","decl":{"start":{"line":8,"column":54},"end":{"line":8,"column":55}},"loc":{"start":{"line":8,"column":59},"end":{"line":8,"column":71}},"line":8},"5":{"name":"(anonymous_5)","decl":{"start":{"line":9,"column":60},"end":{"line":9,"column":61}},"loc":{"start":{"line":9,"column":65},"end":{"line":9,"column":80}},"line":9},"6":{"name":"safeNumber","decl":{"start":{"line":12,"column":9},"end":{"line":12,"column":19}},"loc":{"start":{"line":12,"column":23},"end":{"line":15,"column":1}},"line":12},"7":{"name":"computeDerived","decl":{"start":{"line":17,"column":9},"end":{"line":17,"column":23}},"loc":{"start":{"line":17,"column":27},"end":{"line":26,"column":1}},"line":17},"8":{"name":"minMaxNormalize","decl":{"start":{"line":28,"column":9},"end":{"line":28,"column":24}},"loc":{"start":{"line":28,"column":30},"end":{"line":34,"column":1}},"line":28},"9":{"name":"(anonymous_9)","decl":{"start":{"line":32,"column":33},"end":{"line":32,"column":34}},"loc":{"start":{"line":32,"column":39},"end":{"line":32,"column":40}},"line":32},"10":{"name":"(anonymous_10)","decl":{"start":{"line":33,"column":16},"end":{"line":33,"column":17}},"loc":{"start":{"line":33,"column":21},"end":{"line":33,"column":52}},"line":33},"11":{"name":"buildSeries","decl":{"start":{"line":40,"column":16},"end":{"line":40,"column":27}},"loc":{"start":{"line":40,"column":84},"end":{"line":70,"column":1}},"line":40},"12":{"name":"(anonymous_12)","decl":{"start":{"line":45,"column":29},"end":{"line":45,"column":30}},"loc":{"start":{"line":45,"column":34},"end":{"line":45,"column":53}},"line":45},"13":{"name":"(anonymous_13)","decl":{"start":{"line":48,"column":20},"end":{"line":48,"column":21}},"loc":{"start":{"line":48,"column":25},"end":{"line":48,"column":55}},"line":48},"14":{"name":"(anonymous_14)","decl":{"start":{"line":50,"column":20},"end":{"line":50,"column":21}},"loc":{"start":{"line":50,"column":25},"end":{"line":54,"column":3}},"line":50},"15":{"name":"(anonymous_15)","decl":{"start":{"line":61,"column":27},"end":{"line":61,"column":28}},"loc":{"start":{"line":61,"column":38},"end":{"line":61,"column":69}},"line":61},"16":{"name":"(anonymous_16)","decl":{"start":{"line":64,"column":36},"end":{"line":64,"column":37}},"loc":{"start":{"line":64,"column":46},"end":{"line":64,"column":63}},"line":64},"17":{"name":"(anonymous_17)","decl":{"start":{"line":65,"column":40},"end":{"line":65,"column":41}},"loc":{"start":{"line":65,"column":50},"end":{"line":65,"column":67}},"line":65},"18":{"name":"(anonymous_18)","decl":{"start":{"line":67,"column":29},"end":{"line":67,"column":30}},"loc":{"start":{"line":67,"column":34},"end":{"line":67,"column":40}},"line":67},"19":{"name":"(anonymous_19)","decl":{"start":{"line":68,"column":32},"end":{"line":68,"column":33}},"loc":{"start":{"line":68,"column":37},"end":{"line":68,"column":44}},"line":68}},"branchMap":{"0":{"loc":{"start":{"line":14,"column":8},"end":{"line":14,"column":34}},"type":"cond-expr","locations":[{"start":{"line":14,"column":29},"end":{"line":14,"column":30}},{"start":{"line":14,"column":33},"end":{"line":14,"column":34}}],"line":14},"1":{"loc":{"start":{"line":23,"column":23},"end":{"line":23,"column":59}},"type":"cond-expr","locations":[{"start":{"line":23,"column":36},"end":{"line":23,"column":55}},{"start":{"line":23,"column":58},"end":{"line":23,"column":59}}],"line":23},"2":{"loc":{"start":{"line":24,"column":14},"end":{"line":24,"column":111}},"type":"binary-expr","locations":[{"start":{"line":24,"column":14},"end":{"line":24,"column":81}},{"start":{"line":24,"column":85},"end":{"line":24,"column":98}},{"start":{"line":24,"column":102},"end":{"line":24,"column":111}}],"line":24},"3":{"loc":{"start":{"line":29,"column":1},"end":{"line":29,"column":41}},"type":"if","locations":[{"start":{"line":29,"column":1},"end":{"line":29,"column":41}},{"start":{},"end":{}}],"line":29},"4":{"loc":{"start":{"line":29,"column":5},"end":{"line":29,"column":29}},"type":"binary-expr","locations":[{"start":{"line":29,"column":5},"end":{"line":29,"column":9}},{"start":{"line":29,"column":13},"end":{"line":29,"column":29}}],"line":29},"5":{"loc":{"start":{"line":32,"column":1},"end":{"line":32,"column":41}},"type":"if","locations":[{"start":{"line":32,"column":1},"end":{"line":32,"column":41}},{"start":{},"end":{}}],"line":32},"6":{"loc":{"start":{"line":40,"column":28},"end":{"line":40,"column":43}},"type":"default-arg","locations":[{"start":{"line":40,"column":41},"end":{"line":40,"column":43}}],"line":40},"7":{"loc":{"start":{"line":40,"column":45},"end":{"line":40,"column":68}},"type":"default-arg","locations":[{"start":{"line":40,"column":57},"end":{"line":40,"column":68}}],"line":40},"8":{"loc":{"start":{"line":40,"column":70},"end":{"line":40,"column":82}},"type":"default-arg","locations":[{"start":{"line":40,"column":80},"end":{"line":40,"column":82}}],"line":40},"9":{"loc":{"start":{"line":41,"column":9},"end":{"line":41,"column":26}},"type":"default-arg","locations":[{"start":{"line":41,"column":21},"end":{"line":41,"column":26}}],"line":41},"10":{"loc":{"start":{"line":41,"column":28},"end":{"line":41,"column":41}},"type":"default-arg","locations":[{"start":{"line":41,"column":35},"end":{"line":41,"column":41}}],"line":41},"11":{"loc":{"start":{"line":41,"column":46},"end":{"line":41,"column":59}},"type":"binary-expr","locations":[{"start":{"line":41,"column":46},"end":{"line":41,"column":53}},{"start":{"line":41,"column":57},"end":{"line":41,"column":59}}],"line":41},"12":{"loc":{"start":{"line":42,"column":15},"end":{"line":42,"column":31}},"type":"binary-expr","locations":[{"start":{"line":42,"column":15},"end":{"line":42,"column":25}},{"start":{"line":42,"column":29},"end":{"line":42,"column":31}}],"line":42},"13":{"loc":{"start":{"line":47,"column":1},"end":{"line":55,"column":2}},"type":"if","locations":[{"start":{"line":47,"column":1},"end":{"line":55,"column":2}},{"start":{"line":49,"column":8},"end":{"line":55,"column":2}}],"line":47},"14":{"loc":{"start":{"line":47,"column":5},"end":{"line":47,"column":52}},"type":"binary-expr","locations":[{"start":{"line":47,"column":5},"end":{"line":47,"column":11}},{"start":{"line":47,"column":15},"end":{"line":47,"column":52}}],"line":47},"15":{"loc":{"start":{"line":51,"column":3},"end":{"line":51,"column":54}},"type":"if","locations":[{"start":{"line":51,"column":3},"end":{"line":51,"column":54}},{"start":{},"end":{}}],"line":51},"16":{"loc":{"start":{"line":52,"column":3},"end":{"line":52,"column":60}},"type":"if","locations":[{"start":{"line":52,"column":3},"end":{"line":52,"column":60}},{"start":{},"end":{}}],"line":52},"17":{"loc":{"start":{"line":58,"column":1},"end":{"line":58,"column":58}},"type":"if","locations":[{"start":{"line":58,"column":1},"end":{"line":58,"column":58}},{"start":{},"end":{}}],"line":58},"18":{"loc":{"start":{"line":64,"column":1},"end":{"line":65,"column":68}},"type":"if","locations":[{"start":{"line":64,"column":1},"end":{"line":65,"column":68}},{"start":{"line":65,"column":6},"end":{"line":65,"column":68}}],"line":64},"19":{"loc":{"start":{"line":65,"column":6},"end":{"line":65,"column":68}},"type":"if","locations":[{"start":{"line":65,"column":6},"end":{"line":65,"column":68}},{"start":{},"end":{}}],"line":65}},"s":{"0":2,"1":20,"2":0,"3":0,"4":0,"5":0,"6":0,"7":100,"8":100,"9":20,"10":20,"11":20,"12":20,"13":20,"14":20,"15":20,"16":20,"17":0,"18":0,"19":0,"20":0,"21":0,"22":0,"23":0,"24":0,"25":0,"26":2,"27":2,"28":2,"29":2,"30":2,"31":2,"32":20,"33":0,"34":0,"35":0,"36":0,"37":0,"38":0,"39":2,"40":2,"41":0,"42":2,"43":20,"44":2,"45":0,"46":0,"47":2,"48":0,"49":0,"50":2,"51":20,"52":2,"53":20,"54":2},"f":{"0":20,"1":0,"2":0,"3":0,"4":0,"5":0,"6":100,"7":20,"8":0,"9":0,"10":0,"11":2,"12":2,"13":20,"14":0,"15":20,"16":0,"17":0,"18":20,"19":20},"b":{"0":[100,0],"1":[20,0],"2":[20,0,0],"3":[0,0],"4":[0,0],"5":[0,0],"6":[2],"7":[2],"8":[2],"9":[2],"10":[2],"11":[2,0],"12":[2,0],"13":[2,0],"14":[2,2],"15":[0,0],"16":[0,0],"17":[0,2],"18":[0,2],"19":[0,2]},"meta":{"lastBranch":20,"lastFunction":20,"lastStatement":55,"seen":{"s:3:23:10:1":0,"f:4:52:4:53":0,"s:4:57:4:68":1,"f:5:46:5:47":1,"s:5:51:5:59":2,"f:6:44:6:45":2,"s:6:49:6:56":3,"f:7:50:7:51":3,"s:7:55:7:65":4,"f:8:54:8:55":4,"s:8:59:8:71":5,"f:9:60:9:61":5,"s:9:65:9:80":6,"f:12:9:12:19":6,"s:13:11:13:20":7,"s:14:1:14:34":8,"b:14:29:14:30:14:33:14:34":0,"f:17:9:17:23":7,"s:18:19:18:42":9,"s:19:16:19:36":10,"s:20:15:20:34":11,"s:21:18:21:40":12,"s:22:20:22:40":13,"s:23:23:23:59":14,"b:23:36:23:55:23:58:23:59":1,"s:24:14:24:111":15,"b:24:14:24:81:24:85:24:98:24:102:24:111":2,"s:25:1:25:85":16,"f:28:9:28:24":8,"b:29:1:29:41:undefined:undefined:undefined:undefined":3,"s:29:1:29:41":17,"b:29:5:29:9:29:13:29:29":4,"s:29:31:29:41":18,"s:30:13:30:29":19,"s:31:13:31:29":20,"b:32:1:32:41:undefined:undefined:undefined:undefined":5,"s:32:1:32:41":21,"s:32:18:32:41":22,"f:32:33:32:34":9,"s:32:39:32:40":23,"s:33:1:33:53":24,"f:33:16:33:17":10,"s:33:21:33:52":25,"f:40:16:40:27":11,"b:40:41:40:43":6,"b:40:57:40:68":7,"b:40:80:40:82":8,"s:41:46:41:59":26,"b:41:21:41:26":9,"b:41:35:41:41":10,"b:41:46:41:53:41:57:41:59":11,"s:42:14:42:52":27,"b:42:15:42:25:42:29:42:31":12,"s:45:16:45:54":28,"f:45:29:45:30":12,"s:45:34:45:53":29,"b:47:1:55:2:49:8:55:2":13,"s:47:1:55:2":30,"b:47:5:47:11:47:15:47:52":14,"s:48:2:48:56":31,"f:48:20:48:21":13,"s:48:25:48:55":32,"s:50:2:54:4":33,"f:50:20:50:21":14,"b:51:3:51:54:undefined:undefined:undefined:undefined":15,"s:51:3:51:54":34,"s:51:35:51:54":35,"b:52:3:52:60:undefined:undefined:undefined:undefined":16,"s:52:3:52:60":36,"s:52:38:52:60":37,"s:53:3:53:34":38,"s:57:19:57:33":39,"b:58:1:58:58:undefined:undefined:undefined:undefined":17,"s:58:1:58:58":40,"s:58:16:58:58":41,"s:61:18:61:71":42,"f:61:27:61:28":15,"s:61:38:61:69":43,"b:64:1:65:68:65:6:65:68":18,"s:64:1:65:68":44,"s:64:22:64:64":45,"f:64:36:64:37":16,"s:64:46:64:63":46,"b:65:6:65:68:undefined:undefined:undefined:undefined":19,"s:65:6:65:68":47,"s:65:26:65:68":48,"f:65:40:65:41":17,"s:65:50:65:67":49,"s:67:16:67:41":50,"f:67:29:67:30":18,"s:67:34:67:40":51,"s:68:19:68:45":52,"f:68:32:68:33":19,"s:68:37:68:44":53,"s:69:1:69:53":54}}}
,"C:\\Users\\Rolan Semilla\\Downloads\\VUE-PROJECT\\my-vue-app\\src\\utils\\ChartUtils.js": {"path":"C:\\Users\\Rolan Semilla\\Downloads\\VUE-PROJECT\\my-vue-app\\src\\utils\\ChartUtils.js","statementMap":{"0":{"start":{"line":8,"column":17},"end":{"line":8,"column":21}},"1":{"start":{"line":11,"column":16},"end":{"line":11,"column":79}},"2":{"start":{"line":12,"column":19},"end":{"line":12,"column":47}},"3":{"start":{"line":13,"column":4},"end":{"line":13,"column":31}},"4":{"start":{"line":13,"column":25},"end":{"line":13,"column":31}},"5":{"start":{"line":14,"column":16},"end":{"line":14,"column":60}},"6":{"start":{"line":15,"column":4},"end":{"line":15,"column":20}},"7":{"start":{"line":15,"column":14},"end":{"line":15,"column":20}},"8":{"start":{"line":16,"column":4},"end":{"line":16,"column":34}},"9":{"start":{"line":20,"column":4},"end":{"line":20,"column":57}},"10":{"start":{"line":20,"column":20},"end":{"line":20,"column":39}},"11":{"start":{"line":20,"column":40},"end":{"line":20,"column":55}},"12":{"start":{"line":24,"column":4},"end":{"line":24,"column":36}},"13":{"start":{"line":24,"column":30},"end":{"line":24,"column":36}},"14":{"start":{"line":25,"column":4},"end":{"line":25,"column":48}},"15":{"start":{"line":25,"column":21},"end":{"line":25,"column":48}},"16":{"start":{"line":26,"column":4},"end":{"line":26,"column":57}},"17":{"start":{"line":26,"column":24},"end":{"line":26,"column":57}},"18":{"start":{"line":27,"column":4},"end":{"line":27,"column":21}},"19":{"start":{"line":30,"column":2},"end":{"line":30,"column":35}},"20":{"start":{"line":37,"column":2},"end":{"line":70,"column":3}},"21":{"start":{"line":44,"column":46},"end":{"line":44,"column":74}},"22":{"start":{"line":54,"column":25},"end":{"line":54,"column":38}},"23":{"start":{"line":55,"column":34},"end":{"line":55,"column":108}},"24":{"start":{"line":56,"column":26},"end":{"line":56,"column":50}},"25":{"start":{"line":57,"column":26},"end":{"line":57,"column":84}},"26":{"start":{"line":58,"column":27},"end":{"line":58,"column":48}},"27":{"start":{"line":59,"column":28},"end":{"line":59,"column":77}},"28":{"start":{"line":60,"column":14},"end":{"line":60,"column":88}},"29":{"start":{"line":60,"column":47},"end":{"line":60,"column":88}},"30":{"start":{"line":61,"column":14},"end":{"line":61,"column":79}},"31":{"start":{"line":61,"column":44},"end":{"line":61,"column":79}},"32":{"start":{"line":62,"column":14},"end":{"line":62,"column":38}},"33":{"start":{"line":76,"column":21},"end":{"line":76,"column":52}},"34":{"start":{"line":77,"column":17},"end":{"line":77,"column":19}},"35":{"start":{"line":78,"column":2},"end":{"line":81,"column":3}},"36":{"start":{"line":79,"column":14},"end":{"line":79,"column":56}},"37":{"start":{"line":80,"column":4},"end":{"line":80,"column":36}},"38":{"start":{"line":82,"column":17},"end":{"line":82,"column":36}},"39":{"start":{"line":83,"column":15},"end":{"line":83,"column":41}},"40":{"start":{"line":83,"column":31},"end":{"line":83,"column":40}},"41":{"start":{"line":84,"column":2},"end":{"line":84,"column":25}},"42":{"start":{"line":90,"column":27},"end":{"line":90,"column":51}},"43":{"start":{"line":91,"column":24},"end":{"line":91,"column":101}},"44":{"start":{"line":92,"column":2},"end":{"line":104,"column":3}},"45":{"start":{"line":112,"column":2},"end":{"line":120,"column":3}}},"fnMap":{"0":{"name":"createChartLifecycle","decl":{"start":{"line":7,"column":16},"end":{"line":7,"column":36}},"loc":{"start":{"line":7,"column":61},"end":{"line":31,"column":1}},"line":7},"1":{"name":"mount","decl":{"start":{"line":10,"column":11},"end":{"line":10,"column":16}},"loc":{"start":{"line":10,"column":19},"end":{"line":17,"column":3}},"line":10},"2":{"name":"unmount","decl":{"start":{"line":19,"column":11},"end":{"line":19,"column":18}},"loc":{"start":{"line":19,"column":21},"end":{"line":21,"column":3}},"line":19},"3":{"name":"update","decl":{"start":{"line":23,"column":11},"end":{"line":23,"column":17}},"loc":{"start":{"line":23,"column":26},"end":{"line":28,"column":3}},"line":23},"4":{"name":"buildBarConfig","decl":{"start":{"line":36,"column":16},"end":{"line":36,"column":30}},"loc":{"start":{"line":36,"column":122},"end":{"line":71,"column":1}},"line":36},"5":{"name":"(anonymous_5)","decl":{"start":{"line":44,"column":36},"end":{"line":44,"column":37}},"loc":{"start":{"line":44,"column":46},"end":{"line":44,"column":74}},"line":44},"6":{"name":"(anonymous_6)","decl":{"start":{"line":53,"column":12},"end":{"line":53,"column":17}},"loc":{"start":{"line":53,"column":23},"end":{"line":63,"column":13}},"line":53},"7":{"name":"parseJsonToPieData","decl":{"start":{"line":75,"column":16},"end":{"line":75,"column":34}},"loc":{"start":{"line":75,"column":41},"end":{"line":85,"column":1}},"line":75},"8":{"name":"(anonymous_8)","decl":{"start":{"line":83,"column":26},"end":{"line":83,"column":27}},"loc":{"start":{"line":83,"column":31},"end":{"line":83,"column":40}},"line":83},"9":{"name":"buildPieConfig","decl":{"start":{"line":89,"column":16},"end":{"line":89,"column":30}},"loc":{"start":{"line":89,"column":45},"end":{"line":105,"column":1}},"line":89},"10":{"name":"createChartConfig","decl":{"start":{"line":111,"column":16},"end":{"line":111,"column":33}},"loc":{"start":{"line":111,"column":82},"end":{"line":121,"column":1}},"line":111}},"branchMap":{"0":{"loc":{"start":{"line":11,"column":16},"end":{"line":11,"column":79}},"type":"cond-expr","locations":[{"start":{"line":11,"column":52},"end":{"line":11,"column":65}},{"start":{"line":11,"column":68},"end":{"line":11,"column":79}}],"line":11},"1":{"loc":{"start":{"line":12,"column":19},"end":{"line":12,"column":47}},"type":"binary-expr","locations":[{"start":{"line":12,"column":19},"end":{"line":12,"column":28}},{"start":{"line":12,"column":32},"end":{"line":12,"column":47}}],"line":12},"2":{"loc":{"start":{"line":13,"column":4},"end":{"line":13,"column":31}},"type":"if","locations":[{"start":{"line":13,"column":4},"end":{"line":13,"column":31}},{"start":{},"end":{}}],"line":13},"3":{"loc":{"start":{"line":13,"column":8},"end":{"line":13,"column":23}},"type":"binary-expr","locations":[{"start":{"line":13,"column":8},"end":{"line":13,"column":15}},{"start":{"line":13,"column":19},"end":{"line":13,"column":23}}],"line":13},"4":{"loc":{"start":{"line":14,"column":16},"end":{"line":14,"column":60}},"type":"binary-expr","locations":[{"start":{"line":14,"column":16},"end":{"line":14,"column":33}},{"start":{"line":14,"column":37},"end":{"line":14,"column":60}}],"line":14},"5":{"loc":{"start":{"line":15,"column":4},"end":{"line":15,"column":20}},"type":"if","locations":[{"start":{"line":15,"column":4},"end":{"line":15,"column":20}},{"start":{},"end":{}}],"line":15},"6":{"loc":{"start":{"line":20,"column":4},"end":{"line":20,"column":57}},"type":"if","locations":[{"start":{"line":20,"column":4},"end":{"line":20,"column":57}},{"start":{},"end":{}}],"line":20},"7":{"loc":{"start":{"line":24,"column":4},"end":{"line":24,"column":36}},"type":"if","locations":[{"start":{"line":24,"column":4},"end":{"line":24,"column":36}},{"start":{},"end":{}}],"line":24},"8":{"loc":{"start":{"line":24,"column":8},"end":{"line":24,"column":28}},"type":"binary-expr","locations":[{"start":{"line":24,"column":8},"end":{"line":24,"column":17}},{"start":{"line":24,"column":21},"end":{"line":24,"column":28}}],"line":24},"9":{"loc":{"start":{"line":25,"column":4},"end":{"line":25,"column":48}},"type":"if","locations":[{"start":{"line":25,"column":4},"end":{"line":25,"column":48}},{"start":{},"end":{}}],"line":25},"10":{"loc":{"start":{"line":26,"column":4},"end":{"line":26,"column":57}},"type":"if","locations":[{"start":{"line":26,"column":4},"end":{"line":26,"column":57}},{"start":{},"end":{}}],"line":26},"11":{"loc":{"start":{"line":36,"column":31},"end":{"line":36,"column":120}},"type":"default-arg","locations":[{"start":{"line":36,"column":118},"end":{"line":36,"column":120}}],"line":36},"12":{"loc":{"start":{"line":36,"column":33},"end":{"line":36,"column":44}},"type":"default-arg","locations":[{"start":{"line":36,"column":42},"end":{"line":36,"column":44}}],"line":36},"13":{"loc":{"start":{"line":36,"column":46},"end":{"line":36,"column":57}},"type":"default-arg","locations":[{"start":{"line":36,"column":55},"end":{"line":36,"column":57}}],"line":36},"14":{"loc":{"start":{"line":36,"column":59},"end":{"line":36,"column":68}},"type":"default-arg","locations":[{"start":{"line":36,"column":66},"end":{"line":36,"column":68}}],"line":36},"15":{"loc":{"start":{"line":36,"column":70},"end":{"line":36,"column":85}},"type":"default-arg","locations":[{"start":{"line":36,"column":84},"end":{"line":36,"column":85}}],"line":36},"16":{"loc":{"start":{"line":36,"column":87},"end":{"line":36,"column":99}},"type":"default-arg","locations":[{"start":{"line":36,"column":97},"end":{"line":36,"column":99}}],"line":36},"17":{"loc":{"start":{"line":36,"column":101},"end":{"line":36,"column":113}},"type":"default-arg","locations":[{"start":{"line":36,"column":111},"end":{"line":36,"column":113}}],"line":36},"18":{"loc":{"start":{"line":42,"column":15},"end":{"line":42,"column":59}},"type":"binary-expr","locations":[{"start":{"line":42,"column":16},"end":{"line":42,"column":23}},{"start":{"line":42,"column":27},"end":{"line":42,"column":47}},{"start":{"line":42,"column":52},"end":{"line":42,"column":59}}],"line":42},"19":{"loc":{"start":{"line":55,"column":34},"end":{"line":55,"column":108}},"type":"binary-expr","locations":[{"start":{"line":55,"column":35},"end":{"line":55,"column":42}},{"start":{"line":55,"column":46},"end":{"line":55,"column":66}},{"start":{"line":55,"column":70},"end":{"line":55,"column":96}},{"start":{"line":55,"column":101},"end":{"line":55,"column":108}}],"line":55},"20":{"loc":{"start":{"line":56,"column":26},"end":{"line":56,"column":50}},"type":"binary-expr","locations":[{"start":{"line":56,"column":27},"end":{"line":56,"column":31}},{"start":{"line":56,"column":35},"end":{"line":56,"column":43}},{"start":{"line":56,"column":48},"end":{"line":56,"column":50}}],"line":56},"21":{"loc":{"start":{"line":57,"column":26},"end":{"line":57,"column":84}},"type":"cond-expr","locations":[{"start":{"line":57,"column":63},"end":{"line":57,"column":80}},{"start":{"line":57,"column":83},"end":{"line":57,"column":84}}],"line":57},"22":{"loc":{"start":{"line":58,"column":27},"end":{"line":58,"column":48}},"type":"binary-expr","locations":[{"start":{"line":58,"column":27},"end":{"line":58,"column":35}},{"start":{"line":58,"column":39},"end":{"line":58,"column":48}}],"line":58},"23":{"loc":{"start":{"line":60,"column":14},"end":{"line":60,"column":88}},"type":"if","locations":[{"start":{"line":60,"column":14},"end":{"line":60,"column":88}},{"start":{},"end":{}}],"line":60},"24":{"loc":{"start":{"line":61,"column":14},"end":{"line":61,"column":79}},"type":"if","locations":[{"start":{"line":61,"column":14},"end":{"line":61,"column":79}},{"start":{},"end":{}}],"line":61},"25":{"loc":{"start":{"line":76,"column":21},"end":{"line":76,"column":52}},"type":"binary-expr","locations":[{"start":{"line":76,"column":22},"end":{"line":76,"column":26}},{"start":{"line":76,"column":30},"end":{"line":76,"column":45}},{"start":{"line":76,"column":50},"end":{"line":76,"column":52}}],"line":76},"26":{"loc":{"start":{"line":79,"column":14},"end":{"line":79,"column":56}},"type":"cond-expr","locations":[{"start":{"line":79,"column":30},"end":{"line":79,"column":44}},{"start":{"line":79,"column":47},"end":{"line":79,"column":56}}],"line":79},"27":{"loc":{"start":{"line":79,"column":15},"end":{"line":79,"column":26}},"type":"binary-expr","locations":[{"start":{"line":79,"column":15},"end":{"line":79,"column":16}},{"start":{"line":79,"column":20},"end":{"line":79,"column":26}}],"line":79},"28":{"loc":{"start":{"line":80,"column":17},"end":{"line":80,"column":31}},"type":"binary-expr","locations":[{"start":{"line":80,"column":17},"end":{"line":80,"column":26}},{"start":{"line":80,"column":30},"end":{"line":80,"column":31}}],"line":80},"29":{"loc":{"start":{"line":98,"column":25},"end":{"line":98,"column":48}},"type":"binary-expr","locations":[{"start":{"line":98,"column":25},"end":{"line":98,"column":31}},{"start":{"line":98,"column":35},"end":{"line":98,"column":48}}],"line":98},"30":{"loc":{"start":{"line":111,"column":34},"end":{"line":111,"column":80}},"type":"default-arg","locations":[{"start":{"line":111,"column":78},"end":{"line":111,"column":80}}],"line":111},"31":{"loc":{"start":{"line":111,"column":36},"end":{"line":111,"column":48}},"type":"default-arg","locations":[{"start":{"line":111,"column":43},"end":{"line":111,"column":48}}],"line":111},"32":{"loc":{"start":{"line":111,"column":50},"end":{"line":111,"column":59}},"type":"default-arg","locations":[{"start":{"line":111,"column":57},"end":{"line":111,"column":59}}],"line":111},"33":{"loc":{"start":{"line":111,"column":61},"end":{"line":111,"column":73}},"type":"default-arg","locations":[{"start":{"line":111,"column":71},"end":{"line":111,"column":73}}],"line":111}},"s":{"0":2,"1":2,"2":2,"3":2,"4":0,"5":2,"6":2,"7":2,"8":0,"9":0,"10":0,"11":0,"12":2,"13":2,"14":0,"15":0,"16":0,"17":0,"18":0,"19":2,"20":0,"21":0,"22":0,"23":0,"24":0,"25":0,"26":0,"27":0,"28":0,"29":0,"30":0,"31":0,"32":0,"33":0,"34":0,"35":0,"36":0,"37":0,"38":0,"39":0,"40":0,"41":0,"42":0,"43":0,"44":0,"45":5},"f":{"0":2,"1":2,"2":0,"3":2,"4":0,"5":0,"6":0,"7":0,"8":0,"9":0,"10":5},"b":{"0":[2,0],"1":[2,2],"2":[0,2],"3":[2,2],"4":[2,2],"5":[2,0],"6":[0,0],"7":[2,0],"8":[2,0],"9":[0,0],"10":[0,0],"11":[0],"12":[0],"13":[0],"14":[0],"15":[0],"16":[0],"17":[0],"18":[0,0,0],"19":[0,0,0,0],"20":[0,0,0],"21":[0,0],"22":[0,0],"23":[0,0],"24":[0,0],"25":[0,0,0],"26":[0,0],"27":[0,0],"28":[0,0],"29":[0,0],"30":[5],"31":[5],"32":[5],"33":[5]},"meta":{"lastBranch":34,"lastFunction":11,"lastStatement":46,"seen":{"f:7:16:7:36":0,"s:8:17:8:21":0,"f:10:11:10:16":1,"s:11:16:11:79":1,"b:11:52:11:65:11:68:11:79":0,"s:12:19:12:47":2,"b:12:19:12:28:12:32:12:47":1,"b:13:4:13:31:undefined:undefined:undefined:undefined":2,"s:13:4:13:31":3,"b:13:8:13:15:13:19:13:23":3,"s:13:25:13:31":4,"s:14:16:14:60":5,"b:14:16:14:33:14:37:14:60":4,"b:15:4:15:20:undefined:undefined:undefined:undefined":5,"s:15:4:15:20":6,"s:15:14:15:20":7,"s:16:4:16:34":8,"f:19:11:19:18":2,"b:20:4:20:57:undefined:undefined:undefined:undefined":6,"s:20:4:20:57":9,"s:20:20:20:39":10,"s:20:40:20:55":11,"f:23:11:23:17":3,"b:24:4:24:36:undefined:undefined:undefined:undefined":7,"s:24:4:24:36":12,"b:24:8:24:17:24:21:24:28":8,"s:24:30:24:36":13,"b:25:4:25:48:undefined:undefined:undefined:undefined":9,"s:25:4:25:48":14,"s:25:21:25:48":15,"b:26:4:26:57:undefined:undefined:undefined:undefined":10,"s:26:4:26:57":16,"s:26:24:26:57":17,"s:27:4:27:21":18,"s:30:2:30:35":19,"f:36:16:36:30":4,"b:36:118:36:120":11,"b:36:42:36:44":12,"b:36:55:36:57":13,"b:36:66:36:68":14,"b:36:84:36:85":15,"b:36:97:36:99":16,"b:36:111:36:113":17,"s:37:2:70:3":20,"b:42:16:42:23:42:27:42:47:42:52:42:59":18,"f:44:36:44:37":5,"s:44:46:44:74":21,"f:53:12:53:17":6,"s:54:25:54:38":22,"s:55:34:55:108":23,"b:55:35:55:42:55:46:55:66:55:70:55:96:55:101:55:108":19,"s:56:26:56:50":24,"b:56:27:56:31:56:35:56:43:56:48:56:50":20,"s:57:26:57:84":25,"b:57:63:57:80:57:83:57:84":21,"s:58:27:58:48":26,"b:58:27:58:35:58:39:58:48":22,"s:59:28:59:77":27,"b:60:14:60:88:undefined:undefined:undefined:undefined":23,"s:60:14:60:88":28,"s:60:47:60:88":29,"b:61:14:61:79:undefined:undefined:undefined:undefined":24,"s:61:14:61:79":30,"s:61:44:61:79":31,"s:62:14:62:38":32,"f:75:16:75:34":7,"s:76:21:76:52":33,"b:76:22:76:26:76:30:76:45:76:50:76:52":25,"s:77:17:77:19":34,"s:78:2:81:3":35,"s:79:14:79:56":36,"b:79:30:79:44:79:47:79:56":26,"b:79:15:79:16:79:20:79:26":27,"s:80:4:80:36":37,"b:80:17:80:26:80:30:80:31":28,"s:82:17:82:36":38,"s:83:15:83:41":39,"f:83:26:83:27":8,"s:83:31:83:40":40,"s:84:2:84:25":41,"f:89:16:89:30":9,"s:90:27:90:51":42,"s:91:24:91:101":43,"s:92:2:104:3":44,"b:98:25:98:31:98:35:98:48":29,"f:111:16:111:33":10,"b:111:78:111:80":30,"b:111:43:111:48":31,"b:111:57:111:59":32,"b:111:71:111:73":33,"s:112:2:120:3":45}}}
}
