{"C:\\Users\\Rolan Semilla\\Downloads\\VUE-PROJECT\\my-vue-app\\src\\utils\\ChartUtils.js": {"path":"C:\\Users\\Rolan Semilla\\Downloads\\VUE-PROJECT\\my-vue-app\\src\\utils\\ChartUtils.js","statementMap":{"0":{"start":{"line":8,"column":17},"end":{"line":8,"column":21}},"1":{"start":{"line":11,"column":16},"end":{"line":11,"column":79}},"2":{"start":{"line":12,"column":19},"end":{"line":12,"column":47}},"3":{"start":{"line":13,"column":4},"end":{"line":13,"column":31}},"4":{"start":{"line":13,"column":25},"end":{"line":13,"column":31}},"5":{"start":{"line":14,"column":16},"end":{"line":14,"column":60}},"6":{"start":{"line":15,"column":4},"end":{"line":15,"column":20}},"7":{"start":{"line":15,"column":14},"end":{"line":15,"column":20}},"8":{"start":{"line":16,"column":4},"end":{"line":16,"column":34}},"9":{"start":{"line":20,"column":4},"end":{"line":20,"column":57}},"10":{"start":{"line":20,"column":20},"end":{"line":20,"column":39}},"11":{"start":{"line":20,"column":40},"end":{"line":20,"column":55}},"12":{"start":{"line":24,"column":4},"end":{"line":24,"column":36}},"13":{"start":{"line":24,"column":30},"end":{"line":24,"column":36}},"14":{"start":{"line":25,"column":4},"end":{"line":25,"column":48}},"15":{"start":{"line":25,"column":21},"end":{"line":25,"column":48}},"16":{"start":{"line":26,"column":4},"end":{"line":26,"column":57}},"17":{"start":{"line":26,"column":24},"end":{"line":26,"column":57}},"18":{"start":{"line":27,"column":4},"end":{"line":27,"column":76}},"19":{"start":{"line":27,"column":59},"end":{"line":27,"column":76}},"20":{"start":{"line":30,"column":2},"end":{"line":30,"column":35}},"21":{"start":{"line":37,"column":25},"end":{"line":42,"column":3}},"22":{"start":{"line":44,"column":24},"end":{"line":44,"column":65}},"23":{"start":{"line":45,"column":2},"end":{"line":45,"column":54}},"24":{"start":{"line":52,"column":25},"end":{"line":52,"column":100}},"25":{"start":{"line":53,"column":24},"end":{"line":53,"column":65}},"26":{"start":{"line":54,"column":2},"end":{"line":54,"column":54}},"27":{"start":{"line":59,"column":2},"end":{"line":59,"column":62}},"28":{"start":{"line":59,"column":22},"end":{"line":59,"column":62}},"29":{"start":{"line":60,"column":2},"end":{"line":60,"column":62}},"30":{"start":{"line":60,"column":22},"end":{"line":60,"column":62}},"31":{"start":{"line":62,"column":2},"end":{"line":62,"column":42}}},"fnMap":{"0":{"name":"createChartLifecycle","decl":{"start":{"line":7,"column":16},"end":{"line":7,"column":36}},"loc":{"start":{"line":7,"column":61},"end":{"line":31,"column":1}},"line":7},"1":{"name":"mount","decl":{"start":{"line":10,"column":11},"end":{"line":10,"column":16}},"loc":{"start":{"line":10,"column":19},"end":{"line":17,"column":3}},"line":10},"2":{"name":"unmount","decl":{"start":{"line":19,"column":11},"end":{"line":19,"column":18}},"loc":{"start":{"line":19,"column":21},"end":{"line":21,"column":3}},"line":19},"3":{"name":"update","decl":{"start":{"line":23,"column":11},"end":{"line":23,"column":17}},"loc":{"start":{"line":23,"column":26},"end":{"line":28,"column":3}},"line":23},"4":{"name":"buildBarConfig","decl":{"start":{"line":36,"column":16},"end":{"line":36,"column":30}},"loc":{"start":{"line":36,"column":91},"end":{"line":46,"column":1}},"line":36},"5":{"name":"buildPieConfig","decl":{"start":{"line":51,"column":16},"end":{"line":51,"column":30}},"loc":{"start":{"line":51,"column":91},"end":{"line":55,"column":1}},"line":51},"6":{"name":"createChartConfig","decl":{"start":{"line":58,"column":16},"end":{"line":58,"column":33}},"loc":{"start":{"line":58,"column":96},"end":{"line":63,"column":1}},"line":58}},"branchMap":{"0":{"loc":{"start":{"line":11,"column":16},"end":{"line":11,"column":79}},"type":"cond-expr","locations":[{"start":{"line":11,"column":52},"end":{"line":11,"column":65}},{"start":{"line":11,"column":68},"end":{"line":11,"column":79}}],"line":11},"1":{"loc":{"start":{"line":12,"column":19},"end":{"line":12,"column":47}},"type":"binary-expr","locations":[{"start":{"line":12,"column":19},"end":{"line":12,"column":28}},{"start":{"line":12,"column":32},"end":{"line":12,"column":47}}],"line":12},"2":{"loc":{"start":{"line":13,"column":4},"end":{"line":13,"column":31}},"type":"if","locations":[{"start":{"line":13,"column":4},"end":{"line":13,"column":31}},{"start":{},"end":{}}],"line":13},"3":{"loc":{"start":{"line":13,"column":8},"end":{"line":13,"column":23}},"type":"binary-expr","locations":[{"start":{"line":13,"column":8},"end":{"line":13,"column":15}},{"start":{"line":13,"column":19},"end":{"line":13,"column":23}}],"line":13},"4":{"loc":{"start":{"line":14,"column":16},"end":{"line":14,"column":60}},"type":"binary-expr","locations":[{"start":{"line":14,"column":16},"end":{"line":14,"column":33}},{"start":{"line":14,"column":37},"end":{"line":14,"column":60}}],"line":14},"5":{"loc":{"start":{"line":15,"column":4},"end":{"line":15,"column":20}},"type":"if","locations":[{"start":{"line":15,"column":4},"end":{"line":15,"column":20}},{"start":{},"end":{}}],"line":15},"6":{"loc":{"start":{"line":20,"column":4},"end":{"line":20,"column":57}},"type":"if","locations":[{"start":{"line":20,"column":4},"end":{"line":20,"column":57}},{"start":{},"end":{}}],"line":20},"7":{"loc":{"start":{"line":24,"column":4},"end":{"line":24,"column":36}},"type":"if","locations":[{"start":{"line":24,"column":4},"end":{"line":24,"column":36}},{"start":{},"end":{}}],"line":24},"8":{"loc":{"start":{"line":24,"column":8},"end":{"line":24,"column":28}},"type":"binary-expr","locations":[{"start":{"line":24,"column":8},"end":{"line":24,"column":17}},{"start":{"line":24,"column":21},"end":{"line":24,"column":28}}],"line":24},"9":{"loc":{"start":{"line":25,"column":4},"end":{"line":25,"column":48}},"type":"if","locations":[{"start":{"line":25,"column":4},"end":{"line":25,"column":48}},{"start":{},"end":{}}],"line":25},"10":{"loc":{"start":{"line":26,"column":4},"end":{"line":26,"column":57}},"type":"if","locations":[{"start":{"line":26,"column":4},"end":{"line":26,"column":57}},{"start":{},"end":{}}],"line":26},"11":{"loc":{"start":{"line":27,"column":4},"end":{"line":27,"column":76}},"type":"if","locations":[{"start":{"line":27,"column":4},"end":{"line":27,"column":76}},{"start":{},"end":{}}],"line":27},"12":{"loc":{"start":{"line":27,"column":8},"end":{"line":27,"column":57}},"type":"binary-expr","locations":[{"start":{"line":27,"column":8},"end":{"line":27,"column":16}},{"start":{"line":27,"column":20},"end":{"line":27,"column":57}}],"line":27},"13":{"loc":{"start":{"line":36,"column":31},"end":{"line":36,"column":89}},"type":"default-arg","locations":[{"start":{"line":36,"column":87},"end":{"line":36,"column":89}}],"line":36},"14":{"loc":{"start":{"line":36,"column":33},"end":{"line":36,"column":68}},"type":"default-arg","locations":[{"start":{"line":36,"column":40},"end":{"line":36,"column":68}}],"line":36},"15":{"loc":{"start":{"line":36,"column":70},"end":{"line":36,"column":82}},"type":"default-arg","locations":[{"start":{"line":36,"column":80},"end":{"line":36,"column":82}}],"line":36},"16":{"loc":{"start":{"line":44,"column":49},"end":{"line":44,"column":62}},"type":"binary-expr","locations":[{"start":{"line":44,"column":49},"end":{"line":44,"column":56}},{"start":{"line":44,"column":60},"end":{"line":44,"column":62}}],"line":44},"17":{"loc":{"start":{"line":51,"column":31},"end":{"line":51,"column":89}},"type":"default-arg","locations":[{"start":{"line":51,"column":87},"end":{"line":51,"column":89}}],"line":51},"18":{"loc":{"start":{"line":51,"column":33},"end":{"line":51,"column":68}},"type":"default-arg","locations":[{"start":{"line":51,"column":40},"end":{"line":51,"column":68}}],"line":51},"19":{"loc":{"start":{"line":51,"column":70},"end":{"line":51,"column":82}},"type":"default-arg","locations":[{"start":{"line":51,"column":80},"end":{"line":51,"column":82}}],"line":51},"20":{"loc":{"start":{"line":53,"column":49},"end":{"line":53,"column":62}},"type":"binary-expr","locations":[{"start":{"line":53,"column":49},"end":{"line":53,"column":56}},{"start":{"line":53,"column":60},"end":{"line":53,"column":62}}],"line":53},"21":{"loc":{"start":{"line":58,"column":34},"end":{"line":58,"column":94}},"type":"default-arg","locations":[{"start":{"line":58,"column":92},"end":{"line":58,"column":94}}],"line":58},"22":{"loc":{"start":{"line":58,"column":36},"end":{"line":58,"column":48}},"type":"default-arg","locations":[{"start":{"line":58,"column":43},"end":{"line":58,"column":48}}],"line":58},"23":{"loc":{"start":{"line":58,"column":50},"end":{"line":58,"column":66}},"type":"default-arg","locations":[{"start":{"line":58,"column":57},"end":{"line":58,"column":66}}],"line":58},"24":{"loc":{"start":{"line":58,"column":68},"end":{"line":58,"column":87}},"type":"default-arg","locations":[{"start":{"line":58,"column":78},"end":{"line":58,"column":87}}],"line":58},"25":{"loc":{"start":{"line":59,"column":2},"end":{"line":59,"column":62}},"type":"if","locations":[{"start":{"line":59,"column":2},"end":{"line":59,"column":62}},{"start":{},"end":{}}],"line":59},"26":{"loc":{"start":{"line":60,"column":2},"end":{"line":60,"column":62}},"type":"if","locations":[{"start":{"line":60,"column":2},"end":{"line":60,"column":62}},{"start":{},"end":{}}],"line":60}},"s":{"0":1,"1":3,"2":3,"3":3,"4":1,"5":2,"6":3,"7":1,"8":1,"9":1,"10":1,"11":1,"12":1,"13":0,"14":1,"15":1,"16":1,"17":1,"18":1,"19":1,"20":1,"21":2,"22":2,"23":2,"24":2,"25":2,"26":2,"27":2,"28":1,"29":1,"30":1,"31":0},"f":{"0":1,"1":3,"2":1,"3":1,"4":2,"5":2,"6":2},"b":{"0":[3,0],"1":[3,3],"2":[1,2],"3":[3,2],"4":[2,1],"5":[1,2],"6":[1,0],"7":[0,1],"8":[1,1],"9":[1,0],"10":[1,0],"11":[1,0],"12":[1,1],"13":[2],"14":[2],"15":[2],"16":[2,0],"17":[2],"18":[2],"19":[2],"20":[2,0],"21":[2],"22":[2],"23":[2],"24":[2],"25":[1,1],"26":[1,0]},"meta":{"lastBranch":27,"lastFunction":7,"lastStatement":32,"seen":{"f:7:16:7:36":0,"s:8:17:8:21":0,"f:10:11:10:16":1,"s:11:16:11:79":1,"b:11:52:11:65:11:68:11:79":0,"s:12:19:12:47":2,"b:12:19:12:28:12:32:12:47":1,"b:13:4:13:31:undefined:undefined:undefined:undefined":2,"s:13:4:13:31":3,"b:13:8:13:15:13:19:13:23":3,"s:13:25:13:31":4,"s:14:16:14:60":5,"b:14:16:14:33:14:37:14:60":4,"b:15:4:15:20:undefined:undefined:undefined:undefined":5,"s:15:4:15:20":6,"s:15:14:15:20":7,"s:16:4:16:34":8,"f:19:11:19:18":2,"b:20:4:20:57:undefined:undefined:undefined:undefined":6,"s:20:4:20:57":9,"s:20:20:20:39":10,"s:20:40:20:55":11,"f:23:11:23:17":3,"b:24:4:24:36:undefined:undefined:undefined:undefined":7,"s:24:4:24:36":12,"b:24:8:24:17:24:21:24:28":8,"s:24:30:24:36":13,"b:25:4:25:48:undefined:undefined:undefined:undefined":9,"s:25:4:25:48":14,"s:25:21:25:48":15,"b:26:4:26:57:undefined:undefined:undefined:undefined":10,"s:26:4:26:57":16,"s:26:24:26:57":17,"b:27:4:27:76:undefined:undefined:undefined:undefined":11,"s:27:4:27:76":18,"b:27:8:27:16:27:20:27:57":12,"s:27:59:27:76":19,"s:30:2:30:35":20,"f:36:16:36:30":4,"b:36:87:36:89":13,"b:36:40:36:68":14,"b:36:80:36:82":15,"s:37:25:42:3":21,"s:44:24:44:65":22,"b:44:49:44:56:44:60:44:62":16,"s:45:2:45:54":23,"f:51:16:51:30":5,"b:51:87:51:89":17,"b:51:40:51:68":18,"b:51:80:51:82":19,"s:52:25:52:100":24,"s:53:24:53:65":25,"b:53:49:53:56:53:60:53:62":20,"s:54:2:54:54":26,"f:58:16:58:33":6,"b:58:92:58:94":21,"b:58:43:58:48":22,"b:58:57:58:66":23,"b:58:78:58:87":24,"b:59:2:59:62:undefined:undefined:undefined:undefined":25,"s:59:2:59:62":27,"s:59:22:59:62":28,"b:60:2:60:62:undefined:undefined:undefined:undefined":26,"s:60:2:60:62":29,"s:60:22:60:62":30,"s:62:2:62:42":31}}}
}
